all-exps.sh:Meta
all-exps.sh:External loop
   Time values: 300 600 900
  Matrix sizes: 30000 20000 10000
[3;J[H[2JPower consumption experiments
Today is Mon Jun 24 13:53:51 CEST 2013.

This is Linux running on a x86_64 processor.

This is the uptime information:
 13:53:51 up  5:34,  5 users,  load average: 0.11, 0.09, 0.06

CPU frequencies: 2400000 2133000 1867000 1600000
Matrices sizes: 30000 20000 10000
  Times values: 300 600 900
Setting cpu: 0
Setting cpu: 1
Setting cpu: 2
Setting cpu: 3
w_pid -> 28813
exps3.sh-f:2400000 m:30000 t:300 iter:0 2013-06-24 13:54:51
Going to sleep
I am awake
exps3.sh: 2013-06-24 14:01:45
exps3.sh-f:2400000 m:30000 t:300 iter:1 2013-06-24 14:01:46
Going to sleep
I am awake
exps3.sh: 2013-06-24 14:07:14
exps3.sh-f:2400000 m:30000 t:300 iter:2 2013-06-24 14:07:14
Going to sleep
I am awake
exps3.sh: 2013-06-24 14:12:37
exps3.sh-f:2400000 m:30000 t:300 iter:3 2013-06-24 14:12:37
Going to sleep
I am awake
exps3.sh: 2013-06-24 14:18:00
exps3.sh-f:2400000 m:30000 t:300 iter:4 2013-06-24 14:18:00
Going to sleep
I am awake
exps3.sh: 2013-06-24 14:23:23
exps3.sh-f:2400000 m:30000 t:300 iter:5 2013-06-24 14:23:23
Going to sleep
I am awake
exps3.sh: 2013-06-24 14:28:47
exps3.sh-f:2400000 m:30000 t:300 iter:6 2013-06-24 14:28:47
Going to sleep
I am awake
exps3.sh: 2013-06-24 14:34:11
exps3.sh-f:2400000 m:30000 t:300 iter:7 2013-06-24 14:34:11
Going to sleep
I am awake
exps3.sh: 2013-06-24 14:39:34
exps3.sh-f:2400000 m:30000 t:300 iter:8 2013-06-24 14:39:34
Going to sleep
I am awake
exps3.sh: 2013-06-24 14:44:57
exps3.sh-f:2400000 m:30000 t:300 iter:9 2013-06-24 14:44:57
Going to sleep
I am awake
exps3.sh: 2013-06-24 14:50:24

process 28813 killed

[master 8af5907] experiment(exps3.sh) cpu frequency:2400000, sleep time:30000, matrix size:300,10
 2 files changed, 3512 insertions(+)
 create mode 100644 results/external-loop/2013-06-24_13-53/10/2400000/30000/300.csv
 create mode 100644 results/output.out

Setting cpu: 0
Setting cpu: 1
Setting cpu: 2
Setting cpu: 3
w_pid -> 17982
exps3.sh-f:2400000 m:20000 t:300 iter:0 2013-06-24 14:53:30
Going to sleep
I am awake
exps3.sh: 2013-06-24 14:58:38
exps3.sh-f:2400000 m:20000 t:300 iter:1 2013-06-24 14:58:38
Going to sleep
I am awake
exps3.sh: 2013-06-24 15:03:47
exps3.sh-f:2400000 m:20000 t:300 iter:2 2013-06-24 15:03:47
Going to sleep
I am awake
exps3.sh: 2013-06-24 15:08:55
exps3.sh-f:2400000 m:20000 t:300 iter:3 2013-06-24 15:08:55
Going to sleep
I am awake
exps3.sh: 2013-06-24 15:14:03
exps3.sh-f:2400000 m:20000 t:300 iter:4 2013-06-24 15:14:03
Going to sleep
I am awake
exps3.sh: 2013-06-24 15:19:12
exps3.sh-f:2400000 m:20000 t:300 iter:5 2013-06-24 15:19:12
Going to sleep
I am awake
exps3.sh: 2013-06-24 15:24:21
exps3.sh-f:2400000 m:20000 t:300 iter:6 2013-06-24 15:24:21
Going to sleep
I am awake
exps3.sh: 2013-06-24 15:29:30
exps3.sh-f:2400000 m:20000 t:300 iter:7 2013-06-24 15:29:30
Going to sleep
I am awake
exps3.sh: 2013-06-24 15:34:38
exps3.sh-f:2400000 m:20000 t:300 iter:8 2013-06-24 15:34:38
Going to sleep
I am awake
exps3.sh: 2013-06-24 15:39:47
exps3.sh-f:2400000 m:20000 t:300 iter:9 2013-06-24 15:39:47
Going to sleep
I am awake
exps3.sh: 2013-06-24 15:44:55

process 17982 killed

[master 3de4beb] experiment(exps3.sh) cpu frequency:2400000, sleep time:20000, matrix size:300,10
 1 file changed, 3262 insertions(+)
 create mode 100644 results/external-loop/2013-06-24_13-53/10/2400000/20000/300.csv

Setting cpu: 0
Setting cpu: 1
Setting cpu: 2
Setting cpu: 3
w_pid -> 5715
exps3.sh-f:2400000 m:10000 t:300 iter:0 2013-06-24 15:48:00
Going to sleep
I am awake
exps3.sh: 2013-06-24 15:53:02
exps3.sh-f:2400000 m:10000 t:300 iter:1 2013-06-24 15:53:02
Going to sleep
I am awake
exps3.sh: 2013-06-24 15:58:04
exps3.sh-f:2400000 m:10000 t:300 iter:2 2013-06-24 15:58:04
Going to sleep
I am awake
exps3.sh: 2013-06-24 16:03:06
exps3.sh-f:2400000 m:10000 t:300 iter:3 2013-06-24 16:03:06
Going to sleep
I am awake
exps3.sh: 2013-06-24 16:08:08
exps3.sh-f:2400000 m:10000 t:300 iter:4 2013-06-24 16:08:08
Going to sleep
I am awake
exps3.sh: 2013-06-24 16:13:10
exps3.sh-f:2400000 m:10000 t:300 iter:5 2013-06-24 16:13:10
Going to sleep
I am awake
exps3.sh: 2013-06-24 16:18:12
exps3.sh-f:2400000 m:10000 t:300 iter:6 2013-06-24 16:18:12
Going to sleep
I am awake
exps3.sh: 2013-06-24 16:23:14
exps3.sh-f:2400000 m:10000 t:300 iter:7 2013-06-24 16:23:14
Going to sleep
I am awake
exps3.sh: 2013-06-24 16:28:17
exps3.sh-f:2400000 m:10000 t:300 iter:8 2013-06-24 16:28:17
Going to sleep
I am awake
exps3.sh: 2013-06-24 16:33:19
exps3.sh-f:2400000 m:10000 t:300 iter:9 2013-06-24 16:33:19
Going to sleep
I am awake
exps3.sh: 2013-06-24 16:38:21

process 5715 killed

[master 5bb7e82] experiment(exps3.sh) cpu frequency:2400000, sleep time:10000, matrix size:300,10
 1 file changed, 3201 insertions(+)
 create mode 100644 results/external-loop/2013-06-24_13-53/10/2400000/10000/300.csv

Setting cpu: 0
Setting cpu: 1
Setting cpu: 2
Setting cpu: 3
w_pid -> 25409
exps3.sh-f:2400000 m:30000 t:600 iter:0 2013-06-24 16:41:53
Going to sleep
I am awake
exps3.sh: 2013-06-24 16:52:32
exps3.sh-f:2400000 m:30000 t:600 iter:1 2013-06-24 16:52:32
Going to sleep
I am awake
exps3.sh: 2013-06-24 17:03:03
exps3.sh-f:2400000 m:30000 t:600 iter:2 2013-06-24 17:03:03
Going to sleep
I am awake
exps3.sh: 2013-06-24 17:13:25
exps3.sh-f:2400000 m:30000 t:600 iter:3 2013-06-24 17:13:25
Going to sleep
I am awake
exps3.sh: 2013-06-24 17:23:53
exps3.sh-f:2400000 m:30000 t:600 iter:4 2013-06-24 17:23:53
Going to sleep
I am awake
exps3.sh: 2013-06-24 17:34:19
exps3.sh-f:2400000 m:30000 t:600 iter:5 2013-06-24 17:34:19
Going to sleep
I am awake
exps3.sh: 2013-06-24 17:44:39
exps3.sh-f:2400000 m:30000 t:600 iter:6 2013-06-24 17:44:39
Going to sleep
I am awake
exps3.sh: 2013-06-24 17:54:59
exps3.sh-f:2400000 m:30000 t:600 iter:7 2013-06-24 17:54:59
Going to sleep
I am awake
exps3.sh: 2013-06-24 18:05:19
exps3.sh-f:2400000 m:30000 t:600 iter:8 2013-06-24 18:05:19
Going to sleep
I am awake
exps3.sh: 2013-06-24 18:15:42
exps3.sh-f:2400000 m:30000 t:600 iter:9 2013-06-24 18:15:42
Going to sleep
I am awake
exps3.sh: 2013-06-24 18:26:02

process 25409 killed

[master e7c18df] experiment(exps3.sh) cpu frequency:2400000, sleep time:30000, matrix size:600,10
 1 file changed, 6422 insertions(+)
 create mode 100644 results/external-loop/2013-06-24_13-53/10/2400000/30000/600.csv

Setting cpu: 0
Setting cpu: 1
Setting cpu: 2
Setting cpu: 3
w_pid -> 32379
exps3.sh-f:2400000 m:20000 t:600 iter:0 2013-06-24 18:29:08
Going to sleep
I am awake
exps3.sh: 2013-06-24 18:39:17
exps3.sh-f:2400000 m:20000 t:600 iter:1 2013-06-24 18:39:17
Going to sleep
I am awake
exps3.sh: 2013-06-24 18:49:25
exps3.sh-f:2400000 m:20000 t:600 iter:2 2013-06-24 18:49:25
Going to sleep
I am awake
exps3.sh: 2013-06-24 18:59:34
exps3.sh-f:2400000 m:20000 t:600 iter:3 2013-06-24 18:59:34
Going to sleep
I am awake
exps3.sh: 2013-06-24 19:09:42
exps3.sh-f:2400000 m:20000 t:600 iter:4 2013-06-24 19:09:42
Going to sleep
I am awake
exps3.sh: 2013-06-24 19:19:51
exps3.sh-f:2400000 m:20000 t:600 iter:5 2013-06-24 19:19:51
Going to sleep
I am awake
exps3.sh: 2013-06-24 19:29:59
exps3.sh-f:2400000 m:20000 t:600 iter:6 2013-06-24 19:29:59
Going to sleep
I am awake
exps3.sh: 2013-06-24 19:40:08
exps3.sh-f:2400000 m:20000 t:600 iter:7 2013-06-24 19:40:08
Going to sleep
I am awake
exps3.sh: 2013-06-24 19:50:16
exps3.sh-f:2400000 m:20000 t:600 iter:8 2013-06-24 19:50:16
Going to sleep
I am awake
exps3.sh: 2013-06-24 20:00:25
exps3.sh-f:2400000 m:20000 t:600 iter:9 2013-06-24 20:00:25
Going to sleep
I am awake
exps3.sh: 2013-06-24 20:10:33

process 32379 killed

[master 640f711] experiment(exps3.sh) cpu frequency:2400000, sleep time:20000, matrix size:600,10
 1 file changed, 6265 insertions(+)
 create mode 100644 results/external-loop/2013-06-24_13-53/10/2400000/20000/600.csv

Setting cpu: 0
Setting cpu: 1
Setting cpu: 2
Setting cpu: 3
w_pid -> 6099
exps3.sh-f:2400000 m:10000 t:600 iter:0 2013-06-24 20:13:37
Going to sleep
I am awake
exps3.sh: 2013-06-24 20:23:39
exps3.sh-f:2400000 m:10000 t:600 iter:1 2013-06-24 20:23:39
Going to sleep
I am awake
exps3.sh: 2013-06-24 20:33:41
exps3.sh-f:2400000 m:10000 t:600 iter:2 2013-06-24 20:33:41
Going to sleep
I am awake
exps3.sh: 2013-06-24 20:43:43
exps3.sh-f:2400000 m:10000 t:600 iter:3 2013-06-24 20:43:43
Going to sleep
I am awake
exps3.sh: 2013-06-24 20:53:45
exps3.sh-f:2400000 m:10000 t:600 iter:4 2013-06-24 20:53:45
Going to sleep
I am awake
exps3.sh: 2013-06-24 21:03:47
exps3.sh-f:2400000 m:10000 t:600 iter:5 2013-06-24 21:03:47
Going to sleep
I am awake
exps3.sh: 2013-06-24 21:13:49
exps3.sh-f:2400000 m:10000 t:600 iter:6 2013-06-24 21:13:49
Going to sleep
I am awake
exps3.sh: 2013-06-24 21:23:51
exps3.sh-f:2400000 m:10000 t:600 iter:7 2013-06-24 21:23:51
Going to sleep
I am awake
exps3.sh: 2013-06-24 21:33:53
exps3.sh-f:2400000 m:10000 t:600 iter:8 2013-06-24 21:33:53
Going to sleep
I am awake
exps3.sh: 2013-06-24 21:43:55
exps3.sh-f:2400000 m:10000 t:600 iter:9 2013-06-24 21:43:55
Going to sleep
I am awake
exps3.sh: 2013-06-24 21:53:58

process 6099 killed

[master f161e3a] experiment(exps3.sh) cpu frequency:2400000, sleep time:10000, matrix size:600,10
 1 file changed, 6202 insertions(+)
 create mode 100644 results/external-loop/2013-06-24_13-53/10/2400000/10000/600.csv

Setting cpu: 0
Setting cpu: 1
Setting cpu: 2
Setting cpu: 3
w_pid -> 11630
exps3.sh-f:2400000 m:30000 t:900 iter:0 2013-06-24 21:57:01
Going to sleep
I am awake
exps3.sh: 2013-06-24 22:13:15
exps3.sh-f:2400000 m:30000 t:900 iter:1 2013-06-24 22:13:15
Going to sleep
I am awake
exps3.sh: 2013-06-24 22:28:42
exps3.sh-f:2400000 m:30000 t:900 iter:2 2013-06-24 22:28:42
Going to sleep
I am awake
exps3.sh: 2013-06-24 22:44:02
exps3.sh-f:2400000 m:30000 t:900 iter:3 2013-06-24 22:44:02
Going to sleep
I am awake
exps3.sh: 2013-06-24 22:59:23
exps3.sh-f:2400000 m:30000 t:900 iter:4 2013-06-24 22:59:23
Going to sleep
I am awake
exps3.sh: 2013-06-24 23:14:43
exps3.sh-f:2400000 m:30000 t:900 iter:5 2013-06-24 23:14:43
Going to sleep
I am awake
exps3.sh: 2013-06-24 23:30:05
exps3.sh-f:2400000 m:30000 t:900 iter:6 2013-06-24 23:30:05
Going to sleep
I am awake
exps3.sh: 2013-06-24 23:45:25
exps3.sh-f:2400000 m:30000 t:900 iter:7 2013-06-24 23:45:25
Going to sleep
I am awake
exps3.sh: 2013-06-25 00:00:48
exps3.sh-f:2400000 m:30000 t:900 iter:8 2013-06-25 00:00:48
Going to sleep
I am awake
exps3.sh: 2013-06-25 00:16:10
exps3.sh-f:2400000 m:30000 t:900 iter:9 2013-06-25 00:16:10
Going to sleep
I am awake
exps3.sh: 2013-06-25 00:31:31

process 11630 killed

[master 2fe8cdc] experiment(exps3.sh) cpu frequency:2400000, sleep time:30000, matrix size:900,10
 1 file changed, 9448 insertions(+)
 create mode 100644 results/external-loop/2013-06-24_13-53/10/2400000/30000/900.csv

Setting cpu: 0
Setting cpu: 1
Setting cpu: 2
Setting cpu: 3
w_pid -> 4711
exps3.sh-f:2400000 m:20000 t:900 iter:0 2013-06-25 00:34:36
Going to sleep
I am awake
exps3.sh: 2013-06-25 00:49:44
exps3.sh-f:2400000 m:20000 t:900 iter:1 2013-06-25 00:49:44
Going to sleep
I am awake
exps3.sh: 2013-06-25 01:04:53
exps3.sh-f:2400000 m:20000 t:900 iter:2 2013-06-25 01:04:53
Going to sleep
I am awake
exps3.sh: 2013-06-25 01:20:01
exps3.sh-f:2400000 m:20000 t:900 iter:3 2013-06-25 01:20:01
Going to sleep
I am awake
exps3.sh: 2013-06-25 01:35:10
exps3.sh-f:2400000 m:20000 t:900 iter:4 2013-06-25 01:35:10
Going to sleep
I am awake
exps3.sh: 2013-06-25 01:50:18
exps3.sh-f:2400000 m:20000 t:900 iter:5 2013-06-25 01:50:18
Going to sleep
I am awake
exps3.sh: 2013-06-25 02:05:27
exps3.sh-f:2400000 m:20000 t:900 iter:6 2013-06-25 02:05:27
Going to sleep
I am awake
exps3.sh: 2013-06-25 02:20:35
exps3.sh-f:2400000 m:20000 t:900 iter:7 2013-06-25 02:20:35
Going to sleep
I am awake
exps3.sh: 2013-06-25 02:35:44
exps3.sh-f:2400000 m:20000 t:900 iter:8 2013-06-25 02:35:44
Going to sleep
I am awake
exps3.sh: 2013-06-25 02:50:52
exps3.sh-f:2400000 m:20000 t:900 iter:9 2013-06-25 02:50:52
Going to sleep
I am awake
exps3.sh: 2013-06-25 03:06:01

process 4711 killed

[master 69d3081] experiment(exps3.sh) cpu frequency:2400000, sleep time:20000, matrix size:900,10
 1 file changed, 9263 insertions(+)
 create mode 100644 results/external-loop/2013-06-24_13-53/10/2400000/20000/900.csv

Setting cpu: 0
Setting cpu: 1
Setting cpu: 2
Setting cpu: 3
w_pid -> 28959
exps3.sh-f:2400000 m:10000 t:900 iter:0 2013-06-25 03:09:05
Going to sleep
I am awake
exps3.sh: 2013-06-25 03:24:07
exps3.sh-f:2400000 m:10000 t:900 iter:1 2013-06-25 03:24:07
Going to sleep
I am awake
exps3.sh: 2013-06-25 03:39:09
exps3.sh-f:2400000 m:10000 t:900 iter:2 2013-06-25 03:39:09
Going to sleep
I am awake
exps3.sh: 2013-06-25 03:54:11
exps3.sh-f:2400000 m:10000 t:900 iter:3 2013-06-25 03:54:11
Going to sleep
I am awake
exps3.sh: 2013-06-25 04:09:13
exps3.sh-f:2400000 m:10000 t:900 iter:4 2013-06-25 04:09:13
Going to sleep
I am awake
exps3.sh: 2013-06-25 04:24:15
exps3.sh-f:2400000 m:10000 t:900 iter:5 2013-06-25 04:24:15
Going to sleep
I am awake
exps3.sh: 2013-06-25 04:39:17
exps3.sh-f:2400000 m:10000 t:900 iter:6 2013-06-25 04:39:17
Going to sleep
I am awake
exps3.sh: 2013-06-25 04:54:20
exps3.sh-f:2400000 m:10000 t:900 iter:7 2013-06-25 04:54:20
Going to sleep
I am awake
exps3.sh: 2013-06-25 05:09:22
exps3.sh-f:2400000 m:10000 t:900 iter:8 2013-06-25 05:09:22
Going to sleep
I am awake
exps3.sh: 2013-06-25 05:24:24
exps3.sh-f:2400000 m:10000 t:900 iter:9 2013-06-25 05:24:24
Going to sleep
I am awake
exps3.sh: 2013-06-25 05:39:26

process 28959 killed

[master 20813c8] experiment(exps3.sh) cpu frequency:2400000, sleep time:10000, matrix size:900,10
 1 file changed, 9202 insertions(+)
 create mode 100644 results/external-loop/2013-06-24_13-53/10/2400000/10000/900.csv

Setting cpu: 0
Setting cpu: 1
Setting cpu: 2
Setting cpu: 3
w_pid -> 20529
exps3.sh-f:2133000 m:30000 t:300 iter:0 2013-06-25 05:42:32
Going to sleep
I am awake
exps3.sh: 2013-06-25 05:49:04
exps3.sh-f:2133000 m:30000 t:300 iter:1 2013-06-25 05:49:04
Going to sleep
I am awake
exps3.sh: 2013-06-25 05:55:04
exps3.sh-f:2133000 m:30000 t:300 iter:2 2013-06-25 05:55:04
Going to sleep
I am awake
exps3.sh: 2013-06-25 06:00:29
exps3.sh-f:2133000 m:30000 t:300 iter:3 2013-06-25 06:00:29
Going to sleep
I am awake
exps3.sh: 2013-06-25 06:05:53
exps3.sh-f:2133000 m:30000 t:300 iter:4 2013-06-25 06:05:53
Going to sleep
I am awake
exps3.sh: 2013-06-25 06:11:18
exps3.sh-f:2133000 m:30000 t:300 iter:5 2013-06-25 06:11:18
Going to sleep
I am awake
exps3.sh: 2013-06-25 06:16:40
exps3.sh-f:2133000 m:30000 t:300 iter:6 2013-06-25 06:16:40
Going to sleep
I am awake
exps3.sh: 2013-06-25 06:22:02
exps3.sh-f:2133000 m:30000 t:300 iter:7 2013-06-25 06:22:02
Going to sleep
I am awake
exps3.sh: 2013-06-25 06:27:26
exps3.sh-f:2133000 m:30000 t:300 iter:8 2013-06-25 06:27:26
Going to sleep
I am awake
exps3.sh: 2013-06-25 06:32:48
exps3.sh-f:2133000 m:30000 t:300 iter:9 2013-06-25 06:32:48
Going to sleep
I am awake
exps3.sh: 2013-06-25 06:38:10

process 20529 killed

[master 85ab519] experiment(exps3.sh) cpu frequency:2133000, sleep time:30000, matrix size:300,10
 1 file changed, 3517 insertions(+)
 create mode 100644 results/external-loop/2013-06-24_13-53/10/2133000/30000/300.csv

Setting cpu: 0
Setting cpu: 1
Setting cpu: 2
Setting cpu: 3
w_pid -> 9694
exps3.sh-f:2133000 m:20000 t:300 iter:0 2013-06-25 06:41:19
Going to sleep
I am awake
exps3.sh: 2013-06-25 06:46:28
exps3.sh-f:2133000 m:20000 t:300 iter:1 2013-06-25 06:46:28
Going to sleep
I am awake
exps3.sh: 2013-06-25 06:51:38
exps3.sh-f:2133000 m:20000 t:300 iter:2 2013-06-25 06:51:38
Going to sleep
I am awake
exps3.sh: 2013-06-25 06:56:47
exps3.sh-f:2133000 m:20000 t:300 iter:3 2013-06-25 06:56:47
Going to sleep
I am awake
exps3.sh: 2013-06-25 07:01:57
exps3.sh-f:2133000 m:20000 t:300 iter:4 2013-06-25 07:01:57
Going to sleep
I am awake
exps3.sh: 2013-06-25 07:07:06
exps3.sh-f:2133000 m:20000 t:300 iter:5 2013-06-25 07:07:06
Going to sleep
I am awake
exps3.sh: 2013-06-25 07:12:15
exps3.sh-f:2133000 m:20000 t:300 iter:6 2013-06-25 07:12:15
Going to sleep
I am awake
exps3.sh: 2013-06-25 07:17:25
exps3.sh-f:2133000 m:20000 t:300 iter:7 2013-06-25 07:17:25
Going to sleep
I am awake
exps3.sh: 2013-06-25 07:22:34
exps3.sh-f:2133000 m:20000 t:300 iter:8 2013-06-25 07:22:34
Going to sleep
I am awake
exps3.sh: 2013-06-25 07:27:44
exps3.sh-f:2133000 m:20000 t:300 iter:9 2013-06-25 07:27:44
Going to sleep
I am awake
exps3.sh: 2013-06-25 07:32:53

process 9694 killed

[master 642fe52] experiment(exps3.sh) cpu frequency:2133000, sleep time:20000, matrix size:300,10
 1 file changed, 3272 insertions(+)
 create mode 100644 results/external-loop/2013-06-24_13-53/10/2133000/20000/300.csv

Setting cpu: 0
Setting cpu: 1
Setting cpu: 2
Setting cpu: 3
w_pid -> 29667
exps3.sh-f:2133000 m:10000 t:300 iter:0 2013-06-25 07:35:58
Going to sleep
I am awake
exps3.sh: 2013-06-25 07:41:00
exps3.sh-f:2133000 m:10000 t:300 iter:1 2013-06-25 07:41:00
Going to sleep
I am awake
exps3.sh: 2013-06-25 07:46:03
exps3.sh-f:2133000 m:10000 t:300 iter:2 2013-06-25 07:46:03
Going to sleep
I am awake
exps3.sh: 2013-06-25 07:51:05
exps3.sh-f:2133000 m:10000 t:300 iter:3 2013-06-25 07:51:05
Going to sleep
I am awake
exps3.sh: 2013-06-25 07:56:07
exps3.sh-f:2133000 m:10000 t:300 iter:4 2013-06-25 07:56:07
Going to sleep
I am awake
exps3.sh: 2013-06-25 08:01:10
exps3.sh-f:2133000 m:10000 t:300 iter:5 2013-06-25 08:01:10
Going to sleep
I am awake
exps3.sh: 2013-06-25 08:06:12
exps3.sh-f:2133000 m:10000 t:300 iter:6 2013-06-25 08:06:12
Going to sleep
I am awake
exps3.sh: 2013-06-25 08:11:14
exps3.sh-f:2133000 m:10000 t:300 iter:7 2013-06-25 08:11:14
Going to sleep
I am awake
exps3.sh: 2013-06-25 08:16:16
exps3.sh-f:2133000 m:10000 t:300 iter:8 2013-06-25 08:16:16
Going to sleep
I am awake
exps3.sh: 2013-06-25 08:21:19
exps3.sh-f:2133000 m:10000 t:300 iter:9 2013-06-25 08:21:19
Going to sleep
I am awake
exps3.sh: 2013-06-25 08:26:21

process 29667 killed

[master 2be542d] experiment(exps3.sh) cpu frequency:2133000, sleep time:10000, matrix size:300,10
 1 file changed, 3203 insertions(+)
 create mode 100644 results/external-loop/2013-06-24_13-53/10/2133000/10000/300.csv

Setting cpu: 0
Setting cpu: 1
Setting cpu: 2
Setting cpu: 3
w_pid -> 16914
exps3.sh-f:2133000 m:30000 t:600 iter:0 2013-06-25 08:29:24
Going to sleep
I am awake
exps3.sh: 2013-06-25 08:40:47
exps3.sh-f:2133000 m:30000 t:600 iter:1 2013-06-25 08:40:47
Going to sleep
I am awake
exps3.sh: 2013-06-25 08:51:10
exps3.sh-f:2133000 m:30000 t:600 iter:2 2013-06-25 08:51:10
Going to sleep
I am awake
exps3.sh: 2013-06-25 09:01:52
exps3.sh-f:2133000 m:30000 t:600 iter:3 2013-06-25 09:01:52
Going to sleep
I am awake
exps3.sh: 2013-06-25 09:12:29
exps3.sh-f:2133000 m:30000 t:600 iter:4 2013-06-25 09:12:29
Going to sleep
I am awake
exps3.sh: 2013-06-25 09:22:58
exps3.sh-f:2133000 m:30000 t:600 iter:5 2013-06-25 09:22:58
Going to sleep
I am awake
exps3.sh: 2013-06-25 09:33:20
exps3.sh-f:2133000 m:30000 t:600 iter:6 2013-06-25 09:33:20
Going to sleep
I am awake
exps3.sh: 2013-06-25 09:43:43
exps3.sh-f:2133000 m:30000 t:600 iter:7 2013-06-25 09:43:43
Going to sleep
I am awake
exps3.sh: 2013-06-25 09:54:05
exps3.sh-f:2133000 m:30000 t:600 iter:8 2013-06-25 09:54:05
Going to sleep
I am awake
exps3.sh: 2013-06-25 10:04:27
exps3.sh-f:2133000 m:30000 t:600 iter:9 2013-06-25 10:04:27
Going to sleep
I am awake
exps3.sh: 2013-06-25 10:14:49

process 16914 killed

[master 12fd43e] experiment(exps3.sh) cpu frequency:2133000, sleep time:30000, matrix size:600,10
 3 files changed, 4716 insertions(+)
 create mode 100644 results/cpuinfo
 create mode 100644 results/meminfo

Setting cpu: 0
Setting cpu: 1
Setting cpu: 2
Setting cpu: 3
w_pid -> 24539
exps3.sh-f:2133000 m:20000 t:600 iter:0 2013-06-25 10:17:54
Going to sleep
I am awake
exps3.sh: 2013-06-25 10:28:03
exps3.sh-f:2133000 m:20000 t:600 iter:1 2013-06-25 10:28:03
Going to sleep
I am awake
exps3.sh: 2013-06-25 10:38:13
exps3.sh-f:2133000 m:20000 t:600 iter:2 2013-06-25 10:38:13
Going to sleep
I am awake
exps3.sh: 2013-06-25 10:48:23
exps3.sh-f:2133000 m:20000 t:600 iter:3 2013-06-25 10:48:23
Going to sleep
I am awake
exps3.sh: 2013-06-25 10:58:33
exps3.sh-f:2133000 m:20000 t:600 iter:4 2013-06-25 10:58:33
Going to sleep
I am awake
exps3.sh: 2013-06-25 11:08:42
exps3.sh-f:2133000 m:20000 t:600 iter:5 2013-06-25 11:08:42
Going to sleep
I am awake
exps3.sh: 2013-06-25 11:18:52
exps3.sh-f:2133000 m:20000 t:600 iter:6 2013-06-25 11:18:52
Going to sleep
I am awake
exps3.sh: 2013-06-25 11:29:01
exps3.sh-f:2133000 m:20000 t:600 iter:7 2013-06-25 11:29:01
Going to sleep
I am awake
exps3.sh: 2013-06-25 11:39:11
exps3.sh-f:2133000 m:20000 t:600 iter:8 2013-06-25 11:39:11
Going to sleep
I am awake
exps3.sh: 2013-06-25 11:49:20
exps3.sh-f:2133000 m:20000 t:600 iter:9 2013-06-25 11:49:20
Going to sleep
I am awake
exps3.sh: 2013-06-25 11:59:30

process 24539 killed

[master 28e2dc8] experiment(exps3.sh) cpu frequency:2133000, sleep time:20000, matrix size:600,10
 1 file changed, 6275 insertions(+)
 create mode 100644 results/external-loop/2013-06-24_13-53/10/2133000/20000/600.csv

Setting cpu: 0
Setting cpu: 1
Setting cpu: 2
Setting cpu: 3
w_pid -> 30705
exps3.sh-f:2133000 m:10000 t:600 iter:0 2013-06-25 12:02:34
Going to sleep
I am awake
exps3.sh: 2013-06-25 12:12:36
exps3.sh-f:2133000 m:10000 t:600 iter:1 2013-06-25 12:12:36
Going to sleep
I am awake
exps3.sh: 2013-06-25 12:22:39
exps3.sh-f:2133000 m:10000 t:600 iter:2 2013-06-25 12:22:39
Going to sleep
I am awake
exps3.sh: 2013-06-25 12:32:41
exps3.sh-f:2133000 m:10000 t:600 iter:3 2013-06-25 12:32:41
Going to sleep
I am awake
exps3.sh: 2013-06-25 12:42:43
exps3.sh-f:2133000 m:10000 t:600 iter:4 2013-06-25 12:42:43
Going to sleep
I am awake
exps3.sh: 2013-06-25 12:52:46
exps3.sh-f:2133000 m:10000 t:600 iter:5 2013-06-25 12:52:46
Going to sleep
I am awake
exps3.sh: 2013-06-25 13:02:48
exps3.sh-f:2133000 m:10000 t:600 iter:6 2013-06-25 13:02:48
Going to sleep
I am awake
exps3.sh: 2013-06-25 13:12:50
exps3.sh-f:2133000 m:10000 t:600 iter:7 2013-06-25 13:12:50
Going to sleep
I am awake
exps3.sh: 2013-06-25 13:22:53
exps3.sh-f:2133000 m:10000 t:600 iter:8 2013-06-25 13:22:53
Going to sleep
I am awake
exps3.sh: 2013-06-25 13:32:55
exps3.sh-f:2133000 m:10000 t:600 iter:9 2013-06-25 13:32:55
Going to sleep
I am awake
exps3.sh: 2013-06-25 13:42:57

process 30705 killed

[master 0147285] experiment(exps3.sh) cpu frequency:2133000, sleep time:10000, matrix size:600,10
 1 file changed, 6204 insertions(+)
 create mode 100644 results/external-loop/2013-06-24_13-53/10/2133000/10000/600.csv

Setting cpu: 0
Setting cpu: 1
Setting cpu: 2
Setting cpu: 3
w_pid -> 3992
exps3.sh-f:2133000 m:30000 t:900 iter:0 2013-06-25 13:46:01
Going to sleep
I am awake
exps3.sh: 2013-06-25 14:01:56
exps3.sh-f:2133000 m:30000 t:900 iter:1 2013-06-25 14:01:56
Going to sleep
I am awake
exps3.sh: 2013-06-25 14:17:22
exps3.sh-f:2133000 m:30000 t:900 iter:2 2013-06-25 14:17:22
Going to sleep
I am awake
exps3.sh: 2013-06-25 14:32:47
exps3.sh-f:2133000 m:30000 t:900 iter:3 2013-06-25 14:32:47
Going to sleep
I am awake
exps3.sh: 2013-06-25 14:48:09
exps3.sh-f:2133000 m:30000 t:900 iter:4 2013-06-25 14:48:09
Going to sleep
I am awake
exps3.sh: 2013-06-25 15:03:32
exps3.sh-f:2133000 m:30000 t:900 iter:5 2013-06-25 15:03:32
Going to sleep
I am awake
exps3.sh: 2013-06-25 15:18:54
exps3.sh-f:2133000 m:30000 t:900 iter:6 2013-06-25 15:18:54
Going to sleep
I am awake
exps3.sh: 2013-06-25 15:34:16
exps3.sh-f:2133000 m:30000 t:900 iter:7 2013-06-25 15:34:16
Going to sleep
I am awake
exps3.sh: 2013-06-25 15:49:38
exps3.sh-f:2133000 m:30000 t:900 iter:8 2013-06-25 15:49:38
Going to sleep
I am awake
exps3.sh: 2013-06-25 16:05:00
exps3.sh-f:2133000 m:30000 t:900 iter:9 2013-06-25 16:05:00
Going to sleep
I am awake
exps3.sh: 2013-06-25 16:20:22

process 3992 killed

[master faf33ae] experiment(exps3.sh) cpu frequency:2133000, sleep time:30000, matrix size:900,10
 1 file changed, 9440 insertions(+)
 create mode 100644 results/external-loop/2013-06-24_13-53/10/2133000/30000/900.csv

Setting cpu: 0
Setting cpu: 1
Setting cpu: 2
Setting cpu: 3
w_pid -> 29214
exps3.sh-f:2133000 m:20000 t:900 iter:0 2013-06-25 16:23:27
Going to sleep
I am awake
exps3.sh: 2013-06-25 16:38:37
exps3.sh-f:2133000 m:20000 t:900 iter:1 2013-06-25 16:38:37
Going to sleep
I am awake
exps3.sh: 2013-06-25 16:53:46
exps3.sh-f:2133000 m:20000 t:900 iter:2 2013-06-25 16:53:46
Going to sleep
I am awake
exps3.sh: 2013-06-25 17:08:56
exps3.sh-f:2133000 m:20000 t:900 iter:3 2013-06-25 17:08:56
Going to sleep
I am awake
exps3.sh: 2013-06-25 17:24:05
exps3.sh-f:2133000 m:20000 t:900 iter:4 2013-06-25 17:24:05
Going to sleep
I am awake
exps3.sh: 2013-06-25 17:39:15
exps3.sh-f:2133000 m:20000 t:900 iter:5 2013-06-25 17:39:15
Going to sleep
I am awake
exps3.sh: 2013-06-25 17:54:24
exps3.sh-f:2133000 m:20000 t:900 iter:6 2013-06-25 17:54:24
Going to sleep
I am awake
exps3.sh: 2013-06-25 18:09:34
exps3.sh-f:2133000 m:20000 t:900 iter:7 2013-06-25 18:09:34
Going to sleep
I am awake
exps3.sh: 2013-06-25 18:24:43
exps3.sh-f:2133000 m:20000 t:900 iter:8 2013-06-25 18:24:43
Going to sleep
I am awake
exps3.sh: 2013-06-25 18:39:53
exps3.sh-f:2133000 m:20000 t:900 iter:9 2013-06-25 18:39:53
Going to sleep
I am awake
exps3.sh: 2013-06-25 18:55:02

process 29214 killed

[master 14390dd] experiment(exps3.sh) cpu frequency:2133000, sleep time:20000, matrix size:900,10
 1 file changed, 9271 insertions(+)
 create mode 100644 results/external-loop/2013-06-24_13-53/10/2133000/20000/900.csv

Setting cpu: 0
Setting cpu: 1
Setting cpu: 2
Setting cpu: 3
w_pid -> 21130
exps3.sh-f:2133000 m:10000 t:900 iter:0 2013-06-25 18:58:06
Going to sleep
I am awake
exps3.sh: 2013-06-25 19:13:08
exps3.sh-f:2133000 m:10000 t:900 iter:1 2013-06-25 19:13:08
Going to sleep
I am awake
exps3.sh: 2013-06-25 19:28:10
exps3.sh-f:2133000 m:10000 t:900 iter:2 2013-06-25 19:28:10
Going to sleep
I am awake
exps3.sh: 2013-06-25 19:43:13
exps3.sh-f:2133000 m:10000 t:900 iter:3 2013-06-25 19:43:13
Going to sleep
I am awake
exps3.sh: 2013-06-25 19:58:15
exps3.sh-f:2133000 m:10000 t:900 iter:4 2013-06-25 19:58:15
Going to sleep
I am awake
exps3.sh: 2013-06-25 20:13:17
exps3.sh-f:2133000 m:10000 t:900 iter:5 2013-06-25 20:13:17
Going to sleep
I am awake
exps3.sh: 2013-06-25 20:28:20
exps3.sh-f:2133000 m:10000 t:900 iter:6 2013-06-25 20:28:20
Going to sleep
I am awake
exps3.sh: 2013-06-25 20:43:22
exps3.sh-f:2133000 m:10000 t:900 iter:7 2013-06-25 20:43:22
Going to sleep
I am awake
exps3.sh: 2013-06-25 20:58:24
exps3.sh-f:2133000 m:10000 t:900 iter:8 2013-06-25 20:58:24
Going to sleep
I am awake
exps3.sh: 2013-06-25 21:13:27
exps3.sh-f:2133000 m:10000 t:900 iter:9 2013-06-25 21:13:27
Going to sleep
I am awake
exps3.sh: 2013-06-25 21:28:29

process 21130 killed

[master d0a74c5] experiment(exps3.sh) cpu frequency:2133000, sleep time:10000, matrix size:900,10
 1 file changed, 9204 insertions(+)
 create mode 100644 results/external-loop/2013-06-24_13-53/10/2133000/10000/900.csv

Setting cpu: 0
Setting cpu: 1
Setting cpu: 2
Setting cpu: 3
w_pid -> 12668
exps3.sh-f:1867000 m:30000 t:300 iter:0 2013-06-25 21:31:32
Going to sleep
I am awake
exps3.sh: 2013-06-25 21:37:02
exps3.sh-f:1867000 m:30000 t:300 iter:1 2013-06-25 21:37:02
Going to sleep
I am awake
exps3.sh: 2013-06-25 21:42:28
exps3.sh-f:1867000 m:30000 t:300 iter:2 2013-06-25 21:42:28
Going to sleep
I am awake
exps3.sh: 2013-06-25 21:47:53
exps3.sh-f:1867000 m:30000 t:300 iter:3 2013-06-25 21:47:53
Going to sleep
I am awake
exps3.sh: 2013-06-25 21:53:20
exps3.sh-f:1867000 m:30000 t:300 iter:4 2013-06-25 21:53:20
Going to sleep
I am awake
exps3.sh: 2013-06-25 21:58:45
exps3.sh-f:1867000 m:30000 t:300 iter:5 2013-06-25 21:58:45
Going to sleep
I am awake
exps3.sh: 2013-06-25 22:04:10
exps3.sh-f:1867000 m:30000 t:300 iter:6 2013-06-25 22:04:10
Going to sleep
I am awake
exps3.sh: 2013-06-25 22:09:37
exps3.sh-f:1867000 m:30000 t:300 iter:7 2013-06-25 22:09:37
Going to sleep
I am awake
exps3.sh: 2013-06-25 22:15:02
exps3.sh-f:1867000 m:30000 t:300 iter:8 2013-06-25 22:15:02
Going to sleep
I am awake
exps3.sh: 2013-06-25 22:22:44
exps3.sh-f:1867000 m:30000 t:300 iter:9 2013-06-25 22:22:44
Going to sleep
I am awake
exps3.sh: 2013-06-25 22:28:31

process 12668 killed

[master 8d770ca] experiment(exps3.sh) cpu frequency:1867000, sleep time:30000, matrix size:300,10
 1 file changed, 3590 insertions(+)
 create mode 100644 results/external-loop/2013-06-24_13-53/10/1867000/30000/300.csv

Setting cpu: 0
Setting cpu: 1
Setting cpu: 2
Setting cpu: 3
w_pid -> 2137
exps3.sh-f:1867000 m:20000 t:300 iter:0 2013-06-25 22:31:39
Going to sleep
I am awake
exps3.sh: 2013-06-25 22:36:50
exps3.sh-f:1867000 m:20000 t:300 iter:1 2013-06-25 22:36:50
Going to sleep
I am awake
exps3.sh: 2013-06-25 22:42:01
exps3.sh-f:1867000 m:20000 t:300 iter:2 2013-06-25 22:42:01
Going to sleep
I am awake
exps3.sh: 2013-06-25 22:47:11
exps3.sh-f:1867000 m:20000 t:300 iter:3 2013-06-25 22:47:11
Going to sleep
I am awake
exps3.sh: 2013-06-25 22:52:22
exps3.sh-f:1867000 m:20000 t:300 iter:4 2013-06-25 22:52:22
Going to sleep
I am awake
exps3.sh: 2013-06-25 22:57:32
exps3.sh-f:1867000 m:20000 t:300 iter:5 2013-06-25 22:57:32
Going to sleep
I am awake
exps3.sh: 2013-06-25 23:02:43
exps3.sh-f:1867000 m:20000 t:300 iter:6 2013-06-25 23:02:43
Going to sleep
I am awake
exps3.sh: 2013-06-25 23:07:54
exps3.sh-f:1867000 m:20000 t:300 iter:7 2013-06-25 23:07:54
Going to sleep
I am awake
exps3.sh: 2013-06-25 23:13:04
exps3.sh-f:1867000 m:20000 t:300 iter:8 2013-06-25 23:13:04
Going to sleep
I am awake
exps3.sh: 2013-06-25 23:18:15
exps3.sh-f:1867000 m:20000 t:300 iter:9 2013-06-25 23:18:15
Going to sleep
I am awake
exps3.sh: 2013-06-25 23:23:25

process 2137 killed

[master 0625257] experiment(exps3.sh) cpu frequency:1867000, sleep time:20000, matrix size:300,10
 1 file changed, 3283 insertions(+)
 create mode 100644 results/external-loop/2013-06-24_13-53/10/1867000/20000/300.csv

Setting cpu: 0
Setting cpu: 1
Setting cpu: 2
Setting cpu: 3
w_pid -> 22224
exps3.sh-f:1867000 m:10000 t:300 iter:0 2013-06-25 23:26:32
Going to sleep
I am awake
exps3.sh: 2013-06-25 23:31:35
exps3.sh-f:1867000 m:10000 t:300 iter:1 2013-06-25 23:31:35
Going to sleep
I am awake
exps3.sh: 2013-06-25 23:36:37
exps3.sh-f:1867000 m:10000 t:300 iter:2 2013-06-25 23:36:37
Going to sleep
I am awake
exps3.sh: 2013-06-25 23:41:40
exps3.sh-f:1867000 m:10000 t:300 iter:3 2013-06-25 23:41:40
Going to sleep
I am awake
exps3.sh: 2013-06-25 23:46:42
exps3.sh-f:1867000 m:10000 t:300 iter:4 2013-06-25 23:46:42
Going to sleep
I am awake
exps3.sh: 2013-06-25 23:51:45
exps3.sh-f:1867000 m:10000 t:300 iter:5 2013-06-25 23:51:45
Going to sleep
I am awake
exps3.sh: 2013-06-25 23:56:48
exps3.sh-f:1867000 m:10000 t:300 iter:6 2013-06-25 23:56:48
Going to sleep
I am awake
exps3.sh: 2013-06-26 00:01:50
exps3.sh-f:1867000 m:10000 t:300 iter:7 2013-06-26 00:01:50
Going to sleep
I am awake
exps3.sh: 2013-06-26 00:06:53
exps3.sh-f:1867000 m:10000 t:300 iter:8 2013-06-26 00:06:53
Going to sleep
I am awake
exps3.sh: 2013-06-26 00:11:55
exps3.sh-f:1867000 m:10000 t:300 iter:9 2013-06-26 00:11:55
Going to sleep
I am awake
exps3.sh: 2013-06-26 00:16:58

process 22224 killed

[master db6c6af] experiment(exps3.sh) cpu frequency:1867000, sleep time:10000, matrix size:300,10
 1 file changed, 3206 insertions(+)
 create mode 100644 results/external-loop/2013-06-24_13-53/10/1867000/10000/300.csv

Setting cpu: 0
Setting cpu: 1
Setting cpu: 2
Setting cpu: 3
w_pid -> 9551
exps3.sh-f:1867000 m:30000 t:600 iter:0 2013-06-26 00:20:01
Going to sleep
I am awake
exps3.sh: 2013-06-26 00:32:08
exps3.sh-f:1867000 m:30000 t:600 iter:1 2013-06-26 00:32:08
Going to sleep
I am awake
exps3.sh: 2013-06-26 00:42:43
exps3.sh-f:1867000 m:30000 t:600 iter:2 2013-06-26 00:42:43
Going to sleep
I am awake
exps3.sh: 2013-06-26 00:53:10
exps3.sh-f:1867000 m:30000 t:600 iter:3 2013-06-26 00:53:10
Going to sleep
I am awake
exps3.sh: 2013-06-26 01:03:39
exps3.sh-f:1867000 m:30000 t:600 iter:4 2013-06-26 01:03:39
Going to sleep
I am awake
exps3.sh: 2013-06-26 01:14:07
exps3.sh-f:1867000 m:30000 t:600 iter:5 2013-06-26 01:14:07
Going to sleep
I am awake
exps3.sh: 2013-06-26 01:24:35
exps3.sh-f:1867000 m:30000 t:600 iter:6 2013-06-26 01:24:35
Going to sleep
I am awake
exps3.sh: 2013-06-26 01:35:04
exps3.sh-f:1867000 m:30000 t:600 iter:7 2013-06-26 01:35:04
Going to sleep
I am awake
exps3.sh: 2013-06-26 01:45:31
exps3.sh-f:1867000 m:30000 t:600 iter:8 2013-06-26 01:45:31
Going to sleep
I am awake
exps3.sh: 2013-06-26 01:56:02
exps3.sh-f:1867000 m:30000 t:600 iter:9 2013-06-26 01:56:02
Going to sleep
I am awake
exps3.sh: 2013-06-26 02:06:30

process 9551 killed

[master 3d86785] experiment(exps3.sh) cpu frequency:1867000, sleep time:30000, matrix size:600,10
 1 file changed, 6566 insertions(+)
 create mode 100644 results/external-loop/2013-06-24_13-53/10/1867000/30000/600.csv

Setting cpu: 0
Setting cpu: 1
Setting cpu: 2
Setting cpu: 3
w_pid -> 17252
exps3.sh-f:1867000 m:20000 t:600 iter:0 2013-06-26 02:09:39
Going to sleep
I am awake
exps3.sh: 2013-06-26 02:19:49
exps3.sh-f:1867000 m:20000 t:600 iter:1 2013-06-26 02:19:49
Going to sleep
I am awake
exps3.sh: 2013-06-26 02:30:00
exps3.sh-f:1867000 m:20000 t:600 iter:2 2013-06-26 02:30:00
Going to sleep
I am awake
exps3.sh: 2013-06-26 02:40:11
exps3.sh-f:1867000 m:20000 t:600 iter:3 2013-06-26 02:40:11
Going to sleep
I am awake
exps3.sh: 2013-06-26 02:50:21
exps3.sh-f:1867000 m:20000 t:600 iter:4 2013-06-26 02:50:21
Going to sleep
I am awake
exps3.sh: 2013-06-26 03:00:32
exps3.sh-f:1867000 m:20000 t:600 iter:5 2013-06-26 03:00:32
Going to sleep
I am awake
exps3.sh: 2013-06-26 03:10:43
exps3.sh-f:1867000 m:20000 t:600 iter:6 2013-06-26 03:10:43
Going to sleep
I am awake
exps3.sh: 2013-06-26 03:20:53
exps3.sh-f:1867000 m:20000 t:600 iter:7 2013-06-26 03:20:53
Going to sleep
I am awake
exps3.sh: 2013-06-26 03:31:04
exps3.sh-f:1867000 m:20000 t:600 iter:8 2013-06-26 03:31:04
Going to sleep
I am awake
exps3.sh: 2013-06-26 03:41:15
exps3.sh-f:1867000 m:20000 t:600 iter:9 2013-06-26 03:41:15
Going to sleep
I am awake
exps3.sh: 2013-06-26 03:51:25

process 17252 killed

[master d8591af] experiment(exps3.sh) cpu frequency:1867000, sleep time:20000, matrix size:600,10
 1 file changed, 6286 insertions(+)
 create mode 100644 results/external-loop/2013-06-24_13-53/10/1867000/20000/600.csv

Setting cpu: 0
Setting cpu: 1
Setting cpu: 2
Setting cpu: 3
w_pid -> 23339
exps3.sh-f:1867000 m:10000 t:600 iter:0 2013-06-26 03:54:30
Going to sleep
I am awake
exps3.sh: 2013-06-26 04:04:33
exps3.sh-f:1867000 m:10000 t:600 iter:1 2013-06-26 04:04:33
Going to sleep
I am awake
exps3.sh: 2013-06-26 04:14:36
exps3.sh-f:1867000 m:10000 t:600 iter:2 2013-06-26 04:14:36
Going to sleep
I am awake
exps3.sh: 2013-06-26 04:24:38
exps3.sh-f:1867000 m:10000 t:600 iter:3 2013-06-26 04:24:38
Going to sleep
I am awake
exps3.sh: 2013-06-26 04:34:41
exps3.sh-f:1867000 m:10000 t:600 iter:4 2013-06-26 04:34:41
Going to sleep
I am awake
exps3.sh: 2013-06-26 04:44:43
exps3.sh-f:1867000 m:10000 t:600 iter:5 2013-06-26 04:44:43
Going to sleep
I am awake
exps3.sh: 2013-06-26 04:54:46
exps3.sh-f:1867000 m:10000 t:600 iter:6 2013-06-26 04:54:46
Going to sleep
I am awake
exps3.sh: 2013-06-26 05:04:49
exps3.sh-f:1867000 m:10000 t:600 iter:7 2013-06-26 05:04:49
Going to sleep
I am awake
exps3.sh: 2013-06-26 05:14:51
exps3.sh-f:1867000 m:10000 t:600 iter:8 2013-06-26 05:14:51
Going to sleep
I am awake
exps3.sh: 2013-06-26 05:24:54
exps3.sh-f:1867000 m:10000 t:600 iter:9 2013-06-26 05:24:54
Going to sleep
I am awake
exps3.sh: 2013-06-26 05:34:56

process 23339 killed

[master d297041] experiment(exps3.sh) cpu frequency:1867000, sleep time:10000, matrix size:600,10
 1 file changed, 6208 insertions(+)
 create mode 100644 results/external-loop/2013-06-24_13-53/10/1867000/10000/600.csv

Setting cpu: 0
Setting cpu: 1
Setting cpu: 2
Setting cpu: 3
w_pid -> 28868
exps3.sh-f:1867000 m:30000 t:900 iter:0 2013-06-26 05:38:00
Going to sleep
I am awake
exps3.sh: 2013-06-26 05:55:24
exps3.sh-f:1867000 m:30000 t:900 iter:1 2013-06-26 05:55:24
Going to sleep
I am awake
exps3.sh: 2013-06-26 06:11:34
exps3.sh-f:1867000 m:30000 t:900 iter:2 2013-06-26 06:11:34
Going to sleep
I am awake
exps3.sh: 2013-06-26 06:27:20
exps3.sh-f:1867000 m:30000 t:900 iter:3 2013-06-26 06:27:20
Going to sleep
I am awake
exps3.sh: 2013-06-26 06:42:56
exps3.sh-f:1867000 m:30000 t:900 iter:4 2013-06-26 06:42:56
Going to sleep
I am awake
exps3.sh: 2013-06-26 06:58:27
exps3.sh-f:1867000 m:30000 t:900 iter:5 2013-06-26 06:58:27
Going to sleep
I am awake
exps3.sh: 2013-06-26 07:14:02
exps3.sh-f:1867000 m:30000 t:900 iter:6 2013-06-26 07:14:02
Going to sleep
I am awake
exps3.sh: 2013-06-26 07:29:38
exps3.sh-f:1867000 m:30000 t:900 iter:7 2013-06-26 07:29:38
Going to sleep
I am awake
exps3.sh: 2013-06-26 07:45:16
exps3.sh-f:1867000 m:30000 t:900 iter:8 2013-06-26 07:45:16
Going to sleep
I am awake
exps3.sh: 2013-06-26 08:00:58
exps3.sh-f:1867000 m:30000 t:900 iter:9 2013-06-26 08:00:58
Going to sleep
I am awake
exps3.sh: 2013-06-26 08:16:29

process 28868 killed

[master f78943e] experiment(exps3.sh) cpu frequency:1867000, sleep time:30000, matrix size:900,10
 1 file changed, 9686 insertions(+)
 create mode 100644 results/external-loop/2013-06-24_13-53/10/1867000/30000/900.csv

Setting cpu: 0
Setting cpu: 1
Setting cpu: 2
Setting cpu: 3
w_pid -> 23105
exps3.sh-f:1867000 m:20000 t:900 iter:0 2013-06-26 08:19:37
Going to sleep
I am awake
exps3.sh: 2013-06-26 08:34:48
exps3.sh-f:1867000 m:20000 t:900 iter:1 2013-06-26 08:34:48
Going to sleep
I am awake
exps3.sh: 2013-06-26 08:49:58
exps3.sh-f:1867000 m:20000 t:900 iter:2 2013-06-26 08:49:58
Going to sleep
I am awake
exps3.sh: 2013-06-26 09:05:09
exps3.sh-f:1867000 m:20000 t:900 iter:3 2013-06-26 09:05:09
Going to sleep
I am awake
exps3.sh: 2013-06-26 09:20:20
exps3.sh-f:1867000 m:20000 t:900 iter:4 2013-06-26 09:20:20
Going to sleep
I am awake
exps3.sh: 2013-06-26 09:35:31
exps3.sh-f:1867000 m:20000 t:900 iter:5 2013-06-26 09:35:31
Going to sleep
I am awake
exps3.sh: 2013-06-26 09:50:42
exps3.sh-f:1867000 m:20000 t:900 iter:6 2013-06-26 09:50:42
Going to sleep
I am awake
exps3.sh: 2013-06-26 10:05:53
exps3.sh-f:1867000 m:20000 t:900 iter:7 2013-06-26 10:05:53
Going to sleep
I am awake
exps3.sh: 2013-06-26 10:21:03
exps3.sh-f:1867000 m:20000 t:900 iter:8 2013-06-26 10:21:03
Going to sleep
I am awake
exps3.sh: 2013-06-26 10:36:14
exps3.sh-f:1867000 m:20000 t:900 iter:9 2013-06-26 10:36:14
Going to sleep
I am awake
exps3.sh: 2013-06-26 10:51:24

process 23105 killed

[master e99a390] experiment(exps3.sh) cpu frequency:1867000, sleep time:20000, matrix size:900,10
 1 file changed, 9287 insertions(+)
 create mode 100644 results/external-loop/2013-06-24_13-53/10/1867000/20000/900.csv

Setting cpu: 0
Setting cpu: 1
Setting cpu: 2
Setting cpu: 3
w_pid -> 15054
exps3.sh-f:1867000 m:10000 t:900 iter:0 2013-06-26 10:54:28
Going to sleep
I am awake
exps3.sh: 2013-06-26 11:09:30
exps3.sh-f:1867000 m:10000 t:900 iter:1 2013-06-26 11:09:30
Going to sleep
I am awake
exps3.sh: 2013-06-26 11:24:33
exps3.sh-f:1867000 m:10000 t:900 iter:2 2013-06-26 11:24:33
Going to sleep
I am awake
exps3.sh: 2013-06-26 11:39:36
exps3.sh-f:1867000 m:10000 t:900 iter:3 2013-06-26 11:39:36
Going to sleep
I am awake
exps3.sh: 2013-06-26 11:54:38
exps3.sh-f:1867000 m:10000 t:900 iter:4 2013-06-26 11:54:38
Going to sleep
I am awake
exps3.sh: 2013-06-26 12:09:41
exps3.sh-f:1867000 m:10000 t:900 iter:5 2013-06-26 12:09:41
Going to sleep
I am awake
exps3.sh: 2013-06-26 12:24:43
exps3.sh-f:1867000 m:10000 t:900 iter:6 2013-06-26 12:24:43
Going to sleep
I am awake
exps3.sh: 2013-06-26 12:39:46
exps3.sh-f:1867000 m:10000 t:900 iter:7 2013-06-26 12:39:46
Going to sleep
I am awake
exps3.sh: 2013-06-26 12:54:49
exps3.sh-f:1867000 m:10000 t:900 iter:8 2013-06-26 12:54:49
Going to sleep
I am awake
exps3.sh: 2013-06-26 13:09:51
exps3.sh-f:1867000 m:10000 t:900 iter:9 2013-06-26 13:09:51
Going to sleep
I am awake
exps3.sh: 2013-06-26 13:24:54

process 15054 killed

[master 133ec1d] experiment(exps3.sh) cpu frequency:1867000, sleep time:10000, matrix size:900,10
 1 file changed, 9209 insertions(+)
 create mode 100644 results/external-loop/2013-06-24_13-53/10/1867000/10000/900.csv

Setting cpu: 0
Setting cpu: 1
Setting cpu: 2
Setting cpu: 3
w_pid -> 6534
exps3.sh-f:1600000 m:30000 t:300 iter:0 2013-06-26 13:28:00
Going to sleep
I am awake
exps3.sh: 2013-06-26 13:34:25
exps3.sh-f:1600000 m:30000 t:300 iter:1 2013-06-26 13:34:25
Going to sleep
I am awake
exps3.sh: 2013-06-26 13:40:08
exps3.sh-f:1600000 m:30000 t:300 iter:2 2013-06-26 13:40:08
Going to sleep
I am awake
exps3.sh: 2013-06-26 13:45:42
exps3.sh-f:1600000 m:30000 t:300 iter:3 2013-06-26 13:45:42
Going to sleep
I am awake
exps3.sh: 2013-06-26 13:51:24
exps3.sh-f:1600000 m:30000 t:300 iter:4 2013-06-26 13:51:24
Going to sleep
I am awake
exps3.sh: 2013-06-26 13:56:59
exps3.sh-f:1600000 m:30000 t:300 iter:5 2013-06-26 13:56:59
Going to sleep
I am awake
exps3.sh: 2013-06-26 14:02:41
exps3.sh-f:1600000 m:30000 t:300 iter:6 2013-06-26 14:02:41
Going to sleep
I am awake
exps3.sh: 2013-06-26 14:08:16
exps3.sh-f:1600000 m:30000 t:300 iter:7 2013-06-26 14:08:16
Going to sleep
I am awake
exps3.sh: 2013-06-26 14:13:51
exps3.sh-f:1600000 m:30000 t:300 iter:8 2013-06-26 14:13:51
Going to sleep
I am awake
exps3.sh: 2013-06-26 14:19:27
exps3.sh-f:1600000 m:30000 t:300 iter:9 2013-06-26 14:19:27
Going to sleep
I am awake
exps3.sh: 2013-06-26 14:25:09

process 6534 killed

[master 337f70e] experiment(exps3.sh) cpu frequency:1600000, sleep time:30000, matrix size:300,10
 1 file changed, 3606 insertions(+)
 create mode 100644 results/external-loop/2013-06-24_13-53/10/1600000/30000/300.csv

Setting cpu: 0
Setting cpu: 1
Setting cpu: 2
Setting cpu: 3
w_pid -> 28290
exps3.sh-f:1600000 m:20000 t:300 iter:0 2013-06-26 14:28:18
Going to sleep
I am awake
exps3.sh: 2013-06-26 14:33:31
exps3.sh-f:1600000 m:20000 t:300 iter:1 2013-06-26 14:33:31
Going to sleep
I am awake
exps3.sh: 2013-06-26 14:38:43
exps3.sh-f:1600000 m:20000 t:300 iter:2 2013-06-26 14:38:43
Going to sleep
I am awake
exps3.sh: 2013-06-26 14:43:55
exps3.sh-f:1600000 m:20000 t:300 iter:3 2013-06-26 14:43:55
Going to sleep
I am awake
exps3.sh: 2013-06-26 14:49:07
exps3.sh-f:1600000 m:20000 t:300 iter:4 2013-06-26 14:49:07
Going to sleep
I am awake
exps3.sh: 2013-06-26 14:54:19
exps3.sh-f:1600000 m:20000 t:300 iter:5 2013-06-26 14:54:19
Going to sleep
I am awake
exps3.sh: 2013-06-26 14:59:31
exps3.sh-f:1600000 m:20000 t:300 iter:6 2013-06-26 14:59:31
Going to sleep
I am awake
exps3.sh: 2013-06-26 15:04:43
exps3.sh-f:1600000 m:20000 t:300 iter:7 2013-06-26 15:04:43
Going to sleep
I am awake
exps3.sh: 2013-06-26 15:09:55
exps3.sh-f:1600000 m:20000 t:300 iter:8 2013-06-26 15:09:55
Going to sleep
I am awake
exps3.sh: 2013-06-26 15:15:07
exps3.sh-f:1600000 m:20000 t:300 iter:9 2013-06-26 15:15:07
Going to sleep
I am awake
exps3.sh: 2013-06-26 15:20:20

process 28290 killed

[master a62ea3e] experiment(exps3.sh) cpu frequency:1600000, sleep time:20000, matrix size:300,10
 1 file changed, 3298 insertions(+)
 create mode 100644 results/external-loop/2013-06-24_13-53/10/1600000/20000/300.csv

Setting cpu: 0
Setting cpu: 1
Setting cpu: 2
Setting cpu: 3
w_pid -> 16138
exps3.sh-f:1600000 m:10000 t:300 iter:0 2013-06-26 15:23:24
Going to sleep
I am awake
exps3.sh: 2013-06-26 15:28:27
exps3.sh-f:1600000 m:10000 t:300 iter:1 2013-06-26 15:28:27
Going to sleep
I am awake
exps3.sh: 2013-06-26 15:33:30
exps3.sh-f:1600000 m:10000 t:300 iter:2 2013-06-26 15:33:30
Going to sleep
I am awake
exps3.sh: 2013-06-26 15:38:33
exps3.sh-f:1600000 m:10000 t:300 iter:3 2013-06-26 15:38:33
Going to sleep
I am awake
exps3.sh: 2013-06-26 15:43:36
exps3.sh-f:1600000 m:10000 t:300 iter:4 2013-06-26 15:43:36
Going to sleep
I am awake
exps3.sh: 2013-06-26 15:48:39
exps3.sh-f:1600000 m:10000 t:300 iter:5 2013-06-26 15:48:39
Going to sleep
I am awake
exps3.sh: 2013-06-26 15:53:42
exps3.sh-f:1600000 m:10000 t:300 iter:6 2013-06-26 15:53:42
Going to sleep
I am awake
exps3.sh: 2013-06-26 15:58:45
exps3.sh-f:1600000 m:10000 t:300 iter:7 2013-06-26 15:58:45
Going to sleep
I am awake
exps3.sh: 2013-06-26 16:03:48
exps3.sh-f:1600000 m:10000 t:300 iter:8 2013-06-26 16:03:48
Going to sleep
I am awake
exps3.sh: 2013-06-26 16:08:51
exps3.sh-f:1600000 m:10000 t:300 iter:9 2013-06-26 16:08:51
Going to sleep
I am awake
exps3.sh: 2013-06-26 16:13:54

process 16138 killed

[master 2667cd7] experiment(exps3.sh) cpu frequency:1600000, sleep time:10000, matrix size:300,10
 1 file changed, 3209 insertions(+)
 create mode 100644 results/external-loop/2013-06-24_13-53/10/1600000/10000/300.csv

Setting cpu: 0
Setting cpu: 1
Setting cpu: 2
Setting cpu: 3
w_pid -> 3440
exps3.sh-f:1600000 m:30000 t:600 iter:0 2013-06-26 16:16:58
Going to sleep
I am awake
exps3.sh: 2013-06-26 16:28:16
exps3.sh-f:1600000 m:30000 t:600 iter:1 2013-06-26 16:28:16
Going to sleep
I am awake
exps3.sh: 2013-06-26 16:38:52
exps3.sh-f:1600000 m:30000 t:600 iter:2 2013-06-26 16:38:52
Going to sleep
I am awake
exps3.sh: 2013-06-26 16:49:26
exps3.sh-f:1600000 m:30000 t:600 iter:3 2013-06-26 16:49:26
Going to sleep
I am awake
exps3.sh: 2013-06-26 17:00:00
exps3.sh-f:1600000 m:30000 t:600 iter:4 2013-06-26 17:00:00
Going to sleep
I am awake
exps3.sh: 2013-06-26 17:10:37
exps3.sh-f:1600000 m:30000 t:600 iter:5 2013-06-26 17:10:37
Going to sleep
I am awake
exps3.sh: 2013-06-26 17:21:12
exps3.sh-f:1600000 m:30000 t:600 iter:6 2013-06-26 17:21:12
Going to sleep
I am awake
exps3.sh: 2013-06-26 17:31:49
exps3.sh-f:1600000 m:30000 t:600 iter:7 2013-06-26 17:31:49
Going to sleep
I am awake
exps3.sh: 2013-06-26 17:42:25
exps3.sh-f:1600000 m:30000 t:600 iter:8 2013-06-26 17:42:25
Going to sleep
I am awake
exps3.sh: 2013-06-26 17:52:59
exps3.sh-f:1600000 m:30000 t:600 iter:9 2013-06-26 17:52:59
Going to sleep
I am awake
exps3.sh: 2013-06-26 18:03:34

process 3440 killed

[master 132b84a] experiment(exps3.sh) cpu frequency:1600000, sleep time:30000, matrix size:600,10
 1 file changed, 6574 insertions(+)
 create mode 100644 results/external-loop/2013-06-24_13-53/10/1600000/30000/600.csv

Setting cpu: 0
Setting cpu: 1
Setting cpu: 2
Setting cpu: 3
w_pid -> 11108
exps3.sh-f:1600000 m:20000 t:600 iter:0 2013-06-26 18:06:42
Going to sleep
I am awake
exps3.sh: 2013-06-26 18:16:54
exps3.sh-f:1600000 m:20000 t:600 iter:1 2013-06-26 18:16:54
Going to sleep
I am awake
exps3.sh: 2013-06-26 18:27:07
exps3.sh-f:1600000 m:20000 t:600 iter:2 2013-06-26 18:27:07
Going to sleep
I am awake
exps3.sh: 2013-06-26 18:37:19
exps3.sh-f:1600000 m:20000 t:600 iter:3 2013-06-26 18:37:19
Going to sleep
I am awake
exps3.sh: 2013-06-26 18:47:31
exps3.sh-f:1600000 m:20000 t:600 iter:4 2013-06-26 18:47:31
Going to sleep
I am awake
exps3.sh: 2013-06-26 18:57:43
exps3.sh-f:1600000 m:20000 t:600 iter:5 2013-06-26 18:57:43
Going to sleep
I am awake
exps3.sh: 2013-06-26 19:07:55
exps3.sh-f:1600000 m:20000 t:600 iter:6 2013-06-26 19:07:55
Going to sleep
I am awake
exps3.sh: 2013-06-26 19:18:07
exps3.sh-f:1600000 m:20000 t:600 iter:7 2013-06-26 19:18:07
Going to sleep
I am awake
exps3.sh: 2013-06-26 19:28:20
exps3.sh-f:1600000 m:20000 t:600 iter:8 2013-06-26 19:28:20
Going to sleep
I am awake
exps3.sh: 2013-06-26 19:38:32
exps3.sh-f:1600000 m:20000 t:600 iter:9 2013-06-26 19:38:32
Going to sleep
I am awake
exps3.sh: 2013-06-26 19:48:44

process 11108 killed

[master a7de42b] experiment(exps3.sh) cpu frequency:1600000, sleep time:20000, matrix size:600,10
 1 file changed, 6300 insertions(+)
 create mode 100644 results/external-loop/2013-06-24_13-53/10/1600000/20000/600.csv

Setting cpu: 0
Setting cpu: 1
Setting cpu: 2
Setting cpu: 3
w_pid -> 17115
exps3.sh-f:1600000 m:10000 t:600 iter:0 2013-06-26 19:51:47
Going to sleep
I am awake
exps3.sh: 2013-06-26 20:01:50
exps3.sh-f:1600000 m:10000 t:600 iter:1 2013-06-26 20:01:50
Going to sleep
I am awake
exps3.sh: 2013-06-26 20:11:53
exps3.sh-f:1600000 m:10000 t:600 iter:2 2013-06-26 20:11:53
Going to sleep
I am awake
exps3.sh: 2013-06-26 20:21:56
exps3.sh-f:1600000 m:10000 t:600 iter:3 2013-06-26 20:21:56
Going to sleep
I am awake
exps3.sh: 2013-06-26 20:31:59
exps3.sh-f:1600000 m:10000 t:600 iter:4 2013-06-26 20:31:59
Going to sleep
I am awake
exps3.sh: 2013-06-26 20:42:02
exps3.sh-f:1600000 m:10000 t:600 iter:5 2013-06-26 20:42:02
Going to sleep
I am awake
exps3.sh: 2013-06-26 20:52:05
exps3.sh-f:1600000 m:10000 t:600 iter:6 2013-06-26 20:52:05
Going to sleep
I am awake
exps3.sh: 2013-06-26 21:02:08
exps3.sh-f:1600000 m:10000 t:600 iter:7 2013-06-26 21:02:08
Going to sleep
I am awake
exps3.sh: 2013-06-26 21:12:11
exps3.sh-f:1600000 m:10000 t:600 iter:8 2013-06-26 21:12:11
Going to sleep
I am awake
exps3.sh: 2013-06-26 21:22:14
exps3.sh-f:1600000 m:10000 t:600 iter:9 2013-06-26 21:22:14
Going to sleep
I am awake
exps3.sh: 2013-06-26 21:32:17

process 17115 killed

[master 6f6f230] experiment(exps3.sh) cpu frequency:1600000, sleep time:10000, matrix size:600,10
 1 file changed, 6210 insertions(+)
 create mode 100644 results/external-loop/2013-06-24_13-53/10/1600000/10000/600.csv

Setting cpu: 0
Setting cpu: 1
Setting cpu: 2
Setting cpu: 3
w_pid -> 22602
exps3.sh-f:1600000 m:30000 t:900 iter:0 2013-06-26 21:35:23
Going to sleep
I am awake
exps3.sh: 2013-06-26 21:51:16
exps3.sh-f:1600000 m:30000 t:900 iter:1 2013-06-26 21:51:16
Going to sleep
I am awake
exps3.sh: 2013-06-26 22:06:58
exps3.sh-f:1600000 m:30000 t:900 iter:2 2013-06-26 22:06:58
Going to sleep
I am awake
exps3.sh: 2013-06-26 22:22:39
exps3.sh-f:1600000 m:30000 t:900 iter:3 2013-06-26 22:22:39
Going to sleep
I am awake
exps3.sh: 2013-06-26 22:38:22
exps3.sh-f:1600000 m:30000 t:900 iter:4 2013-06-26 22:38:22
Going to sleep
I am awake
exps3.sh: 2013-06-26 22:54:00
exps3.sh-f:1600000 m:30000 t:900 iter:5 2013-06-26 22:54:00
Going to sleep
I am awake
exps3.sh: 2013-06-26 23:09:36
exps3.sh-f:1600000 m:30000 t:900 iter:6 2013-06-26 23:09:36
Going to sleep
I am awake
exps3.sh: 2013-06-26 23:25:41
exps3.sh-f:1600000 m:30000 t:900 iter:7 2013-06-26 23:25:41
Going to sleep
I am awake
exps3.sh: 2013-06-26 23:41:18
exps3.sh-f:1600000 m:30000 t:900 iter:8 2013-06-26 23:41:18
Going to sleep
I am awake
exps3.sh: 2013-06-26 23:56:58
exps3.sh-f:1600000 m:30000 t:900 iter:9 2013-06-26 23:56:58
Going to sleep
I am awake
exps3.sh: 2013-06-27 00:12:35

process 22602 killed

[master 0592820] experiment(exps3.sh) cpu frequency:1600000, sleep time:30000, matrix size:900,10
 1 file changed, 9600 insertions(+)
 create mode 100644 results/external-loop/2013-06-24_13-53/10/1600000/30000/900.csv

Setting cpu: 0
Setting cpu: 1
Setting cpu: 2
Setting cpu: 3
w_pid -> 16422
exps3.sh-f:1600000 m:20000 t:900 iter:0 2013-06-27 00:15:45
Going to sleep
I am awake
exps3.sh: 2013-06-27 00:30:57
exps3.sh-f:1600000 m:20000 t:900 iter:1 2013-06-27 00:30:57
Going to sleep
I am awake
exps3.sh: 2013-06-27 00:46:10
exps3.sh-f:1600000 m:20000 t:900 iter:2 2013-06-27 00:46:10
Going to sleep
I am awake
exps3.sh: 2013-06-27 01:01:22
exps3.sh-f:1600000 m:20000 t:900 iter:3 2013-06-27 01:01:22
Going to sleep
I am awake
exps3.sh: 2013-06-27 01:16:34
exps3.sh-f:1600000 m:20000 t:900 iter:4 2013-06-27 01:16:34
Going to sleep
I am awake
exps3.sh: 2013-06-27 01:31:46
exps3.sh-f:1600000 m:20000 t:900 iter:5 2013-06-27 01:31:46
Going to sleep
I am awake
exps3.sh: 2013-06-27 01:46:59
exps3.sh-f:1600000 m:20000 t:900 iter:6 2013-06-27 01:46:59
Going to sleep
I am awake
exps3.sh: 2013-06-27 02:02:11
exps3.sh-f:1600000 m:20000 t:900 iter:7 2013-06-27 02:02:11
Going to sleep
I am awake
exps3.sh: 2013-06-27 02:17:23
exps3.sh-f:1600000 m:20000 t:900 iter:8 2013-06-27 02:17:23
Going to sleep
I am awake
exps3.sh: 2013-06-27 02:32:35
exps3.sh-f:1600000 m:20000 t:900 iter:9 2013-06-27 02:32:35
Going to sleep
I am awake
exps3.sh: 2013-06-27 02:47:47

process 16422 killed

[master ddb7087] experiment(exps3.sh) cpu frequency:1600000, sleep time:20000, matrix size:900,10
 1 file changed, 9299 insertions(+)
 create mode 100644 results/external-loop/2013-06-24_13-53/10/1600000/20000/900.csv

Setting cpu: 0
Setting cpu: 1
Setting cpu: 2
Setting cpu: 3
w_pid -> 8355
exps3.sh-f:1600000 m:10000 t:900 iter:0 2013-06-27 02:50:53
Going to sleep
I am awake
exps3.sh: 2013-06-27 03:05:56
exps3.sh-f:1600000 m:10000 t:900 iter:1 2013-06-27 03:05:56
Going to sleep
I am awake
exps3.sh: 2013-06-27 03:20:59
exps3.sh-f:1600000 m:10000 t:900 iter:2 2013-06-27 03:20:59
Going to sleep
I am awake
exps3.sh: 2013-06-27 03:36:02
exps3.sh-f:1600000 m:10000 t:900 iter:3 2013-06-27 03:36:02
Going to sleep
I am awake
exps3.sh: 2013-06-27 03:51:05
exps3.sh-f:1600000 m:10000 t:900 iter:4 2013-06-27 03:51:05
Going to sleep
I am awake
exps3.sh: 2013-06-27 04:06:08
exps3.sh-f:1600000 m:10000 t:900 iter:5 2013-06-27 04:06:08
Going to sleep
I am awake
exps3.sh: 2013-06-27 04:21:11
exps3.sh-f:1600000 m:10000 t:900 iter:6 2013-06-27 04:21:11
Going to sleep
I am awake
exps3.sh: 2013-06-27 04:36:14
exps3.sh-f:1600000 m:10000 t:900 iter:7 2013-06-27 04:36:14
Going to sleep
I am awake
exps3.sh: 2013-06-27 04:51:17
exps3.sh-f:1600000 m:10000 t:900 iter:8 2013-06-27 04:51:17
Going to sleep
I am awake
exps3.sh: 2013-06-27 05:06:20
exps3.sh-f:1600000 m:10000 t:900 iter:9 2013-06-27 05:06:20
Going to sleep
I am awake
exps3.sh: 2013-06-27 05:21:23

process 8355 killed

[master 3ffb022] experiment(exps3.sh) cpu frequency:1600000, sleep time:10000, matrix size:900,10
 1 file changed, 9209 insertions(+)
 create mode 100644 results/external-loop/2013-06-24_13-53/10/1600000/10000/900.csv

That's all folks!
Thu Jun 27 05:23:26 CEST 2013

all-exps.sh:Set the CPU frequency to 2.4 GHz; creates a matrix_(30,000 x 30,000), sleep for 12 hours and after that transpose the matrix one time.
